20231204	15:08:03	1a88006d-d19e-45ec-899e-e17603cfc165	MongoNetworkTimeoutError: connection timed out	MongoNetworkTimeoutError: connection timed out
    at connectionFailureError (C:\Users\Express\OneDrive - Cairo University - Students\Desktop\scopey\node_modules\mongodb\lib\cmap\connect.js:369:20)
    at TLSSocket.<anonymous> (C:\Users\Express\OneDrive - Cairo University - Students\Desktop\scopey\node_modules\mongodb\lib\cmap\connect.js:290:22)
    at Object.onceWrapper (node:events:627:28)
    at TLSSocket.emit (node:events:513:28)
    at Socket._onTimeout (node:net:570:8)
    at listOnTimeout (node:internal/timers:569:17)
    at process.processTimers (node:internal/timers:512:7)
20231205	13:58:47	febbc9dc-a3a2-4ea5-abde-6ef8426a1a5d	MongooseServerSelectionError: connect ETIMEDOUT 34.195.78.196:27017	MongooseServerSelectionError: connect ETIMEDOUT 34.195.78.196:27017
    at _handleConnectionErrors (C:\Users\Express\OneDrive - Cairo University - Students\Desktop\scopey\node_modules\mongoose\lib\connection.js:805:11)
    at NativeConnection.openUri (C:\Users\Express\OneDrive - Cairo University - Students\Desktop\scopey\node_modules\mongoose\lib\connection.js:780:11)
    at process.processTicksAndRejections (node:internal/process/task_queues:95:5)
20231207	12:20:38	03990ff5-4317-4415-bc77-430adc8c7ff4	MongoServerError: bad auth : Authentication failed.	MongoServerError: bad auth : Authentication failed.
    at Connection.onMessage (C:\Users\Express\OneDrive - Cairo University - Students\Desktop\scopey\node_modules\mongodb\lib\cmap\connection.js:202:26)
    at MessageStream.<anonymous> (C:\Users\Express\OneDrive - Cairo University - Students\Desktop\scopey\node_modules\mongodb\lib\cmap\connection.js:61:60)
    at MessageStream.emit (node:events:513:28)
    at processIncomingData (C:\Users\Express\OneDrive - Cairo University - Students\Desktop\scopey\node_modules\mongodb\lib\cmap\message_stream.js:124:16)
    at MessageStream._write (C:\Users\Express\OneDrive - Cairo University - Students\Desktop\scopey\node_modules\mongodb\lib\cmap\message_stream.js:33:9)
    at writeOrBuffer (node:internal/streams/writable:392:12)
    at _write (node:internal/streams/writable:333:10)
    at Writable.write (node:internal/streams/writable:337:10)
    at TLSSocket.ondata (node:internal/streams/readable:766:22)
    at TLSSocket.emit (node:events:513:28)
20231207	12:20:52	81c3fe71-9844-4406-b35b-20d16236f8eb	MongoServerError: bad auth : Authentication failed.	MongoServerError: bad auth : Authentication failed.
    at Connection.onMessage (C:\Users\Express\OneDrive - Cairo University - Students\Desktop\scopey\node_modules\mongodb\lib\cmap\connection.js:202:26)
    at MessageStream.<anonymous> (C:\Users\Express\OneDrive - Cairo University - Students\Desktop\scopey\node_modules\mongodb\lib\cmap\connection.js:61:60)
    at MessageStream.emit (node:events:513:28)
    at processIncomingData (C:\Users\Express\OneDrive - Cairo University - Students\Desktop\scopey\node_modules\mongodb\lib\cmap\message_stream.js:124:16)
    at MessageStream._write (C:\Users\Express\OneDrive - Cairo University - Students\Desktop\scopey\node_modules\mongodb\lib\cmap\message_stream.js:33:9)
    at writeOrBuffer (node:internal/streams/writable:392:12)
    at _write (node:internal/streams/writable:333:10)
    at Writable.write (node:internal/streams/writable:337:10)
    at TLSSocket.ondata (node:internal/streams/readable:766:22)
    at TLSSocket.emit (node:events:513:28)
20231207	12:26:40	fd55e52b-aa14-4f36-aec7-6cfb3695311d	MongoServerError: bad auth : Authentication failed.	MongoServerError: bad auth : Authentication failed.
    at Connection.onMessage (C:\Users\Express\OneDrive - Cairo University - Students\Desktop\scopey\node_modules\mongodb\lib\cmap\connection.js:202:26)
    at MessageStream.<anonymous> (C:\Users\Express\OneDrive - Cairo University - Students\Desktop\scopey\node_modules\mongodb\lib\cmap\connection.js:61:60)
    at MessageStream.emit (node:events:513:28)
    at processIncomingData (C:\Users\Express\OneDrive - Cairo University - Students\Desktop\scopey\node_modules\mongodb\lib\cmap\message_stream.js:124:16)
    at MessageStream._write (C:\Users\Express\OneDrive - Cairo University - Students\Desktop\scopey\node_modules\mongodb\lib\cmap\message_stream.js:33:9)
    at writeOrBuffer (node:internal/streams/writable:392:12)
    at _write (node:internal/streams/writable:333:10)
    at Writable.write (node:internal/streams/writable:337:10)
    at TLSSocket.ondata (node:internal/streams/readable:766:22)
    at TLSSocket.emit (node:events:513:28)
20231209	14:35:18	18d9ad58-3ea9-4b31-b97e-b61f1e1b301b	Error: querySrv ECONNREFUSED _mongodb._tcp.scopeyapi.kmdz5wv.mongodb.net	Error: querySrv ECONNREFUSED _mongodb._tcp.scopeyapi.kmdz5wv.mongodb.net
    at QueryReqWrap.onresolve [as oncomplete] (node:internal/dns/promises:251:17)
20231209	18:15:08	bc370ac5-c929-452d-af25-7b3868b3634b	Error: querySrv ECONNREFUSED _mongodb._tcp.scopeyapi.kmdz5wv.mongodb.net	Error: querySrv ECONNREFUSED _mongodb._tcp.scopeyapi.kmdz5wv.mongodb.net
    at QueryReqWrap.onresolve [as oncomplete] (node:internal/dns/promises:251:17)
20231209	20:19:34	fef5b405-2148-429a-9bee-aa83f79715e3	Error: querySrv ECONNREFUSED _mongodb._tcp.scopeyapi.kmdz5wv.mongodb.net	Error: querySrv ECONNREFUSED _mongodb._tcp.scopeyapi.kmdz5wv.mongodb.net
    at QueryReqWrap.onresolve [as oncomplete] (node:internal/dns/promises:251:17)
