20231111	11:55:22	d215759a-888f-4bb8-8715-79e52b0b1417	GET	/api/auth/facebook/callback	undefined
20231111	11:55:48	d99a2bba-6505-4d3c-9bee-a177e265b20f	GET	/auth/google/callback	undefined
20231111	16:17:25	3920a54b-08ba-4da9-92ba-e4f54f4ab55f	POST	/api/user/register	undefined
20231111	16:18:08	dee96122-8bd1-41a3-8a46-8410dd306561	POST	/api/user	undefined
20231111	16:18:17	a1825f92-37ec-4b15-ac1b-f8a5e1ff3ff8	POST	/api/user/data	undefined
20231111	16:18:23	0c13fd1e-6f3f-4448-a59b-8dbedf709ef4	GET	/api/user/data	undefined
20231111	16:49:14	351fc0db-095c-424e-8798-ed860c8b498c	GET	/auth/google/callback?code=4%2F0AfJohXm9liDv0qjjHJWyLYY_x_quWfOnUfXPVYCeb7LP8NJnWVG6pCwZDSSY6sGFIb6fGg&scope=email+profile+openid+https%3A%2F%2Fwww.googleapis.com%2Fauth%2Fuserinfo.email+https%3A%2F%2Fwww.googleapis.com%2Fauth%2Fuserinfo.profile&authuser=0&prompt=none	undefined
20231111	16:50:42	5a2f31fb-0638-4c5a-bcac-039235cfe928	GET	/auth/google/callback?code=4%2F0AfJohXlyVxyhI-WFx_e1eCF49DfO7XnrK95VZPGKlhsqnWKRm31AlYEmsLeiHs-oJBBiWQ&scope=email+profile+https%3A%2F%2Fwww.googleapis.com%2Fauth%2Fuserinfo.email+https%3A%2F%2Fwww.googleapis.com%2Fauth%2Fuserinfo.profile+openid&authuser=0&prompt=none	undefined
20231111	16:54:09	36d2c62c-38c8-4f83-9d3b-6098aca5ac0f	GET	/auth/google/callback?code=4%2F0AfJohXkoJg0YpcSKny6-Q0FYyWODRVkEWVy_dD8cdunOMsLNT3BCvWisduBm80340iLWVw&scope=email+profile+https%3A%2F%2Fwww.googleapis.com%2Fauth%2Fuserinfo.profile+openid+https%3A%2F%2Fwww.googleapis.com%2Fauth%2Fuserinfo.email&authuser=0&prompt=none	undefined
20231111	16:54:09	85728586-4793-41ca-bf3a-d05fa7cedd6d	GET	/api/user/register	undefined
20231111	16:54:16	7bce3179-2e6c-4e8a-899c-7d3da2b6736e	POST	/api/user/register	undefined
20231111	16:54:42	9178dec5-6fa5-4ba7-a326-0e398ca89648	POST	/auth/google	undefined
20231111	16:54:50	7c0f1cda-a8e3-4a89-a21c-7a2e7b9f6514	GET	/auth/google	undefined
20231111	16:55:10	507f24b8-9780-4dd2-a11b-38d7ff9c2f20	GET	/auth/google	undefined
20231111	16:55:15	631088f8-8530-4980-8e96-47f0af17c7cb	GET	/auth/google/callback?code=4%2F0AfJohXnxvwE1jRMa3JLHjSApO1cdNzUVC1FwqlBA6wnkjBz1sMWHxOIII-SI5IKTP1VOwQ&scope=email+profile+https%3A%2F%2Fwww.googleapis.com%2Fauth%2Fuserinfo.profile+https%3A%2F%2Fwww.googleapis.com%2Fauth%2Fuserinfo.email+openid&authuser=0&prompt=consent	undefined
20231111	16:55:17	962328da-77ee-431f-9421-b13bc625267e	GET	/favicon.ico	undefined
20231111	18:37:15	cdbbb8d2-a324-4d34-abfb-b1afde6a66c0	GET	/auth/google/callback?code=4%2F0AfJohXktVj5sxXd6NLPCf3u9UrNQwHV4gFG_dN2jww3MWIaARJzz8Y6whgM4PI9o6tj_Tg&scope=email+profile+https%3A%2F%2Fwww.googleapis.com%2Fauth%2Fuserinfo.email+https%3A%2F%2Fwww.googleapis.com%2Fauth%2Fuserinfo.profile+openid&authuser=0&prompt=none	undefined
20231123	10:41:06	f336714a-0131-4684-a073-00326732259a	GET	/auth/google/callback?code=4%2F0AfJohXn2ksjH5Y2IcZ_Plup9mDSWNjvOF_zQuXYiwqpwXEoy70KupSLKo_nccfNOJsVaaQ&scope=email+profile+https%3A%2F%2Fwww.googleapis.com%2Fauth%2Fuserinfo.profile+https%3A%2F%2Fwww.googleapis.com%2Fauth%2Fuserinfo.email+openid&authuser=0&prompt=none	undefined
20231123	10:45:32	f774df3a-6190-40fa-9b82-5ac72e97451f	GET	/auth/google/callback?code=4%2F0AfJohXn2x1Y6ToydQWEdrK7rEIabFHLPoqiAV-69wTYeV0wJUgSLJB7rY3Ki9fJlZj671g&scope=email+profile+https%3A%2F%2Fwww.googleapis.com%2Fauth%2Fuserinfo.email+https%3A%2F%2Fwww.googleapis.com%2Fauth%2Fuserinfo.profile+openid&authuser=0&prompt=none	undefined
20231123	10:46:53	2df85e65-c5b5-47f7-9231-fadb1c05c0ec	GET	/auth/google/callback?code=4%2F0AfJohXn2x1Y6ToydQWEdrK7rEIabFHLPoqiAV-69wTYeV0wJUgSLJB7rY3Ki9fJlZj671g&scope=email+profile+https%3A%2F%2Fwww.googleapis.com%2Fauth%2Fuserinfo.email+https%3A%2F%2Fwww.googleapis.com%2Fauth%2Fuserinfo.profile+openid&authuser=0&prompt=none	undefined
20231123	16:01:52	2d608548-2362-4eb2-a87b-88965e557515	GET	/auth/google/callback?code=4%2F0AfJohXlm206T4PdWFRVOP6CZyzBoGMvHgvVsOGAgalsJb7mkwZjtGd4VXTXXW9Pjplaa7Q&scope=email+profile+https%3A%2F%2Fwww.googleapis.com%2Fauth%2Fuserinfo.profile+openid+https%3A%2F%2Fwww.googleapis.com%2Fauth%2Fuserinfo.email&authuser=0&prompt=none	undefined
20231123	16:01:54	136e6659-8dea-4203-961b-1775bc20a0c0	GET	/auth/google/callback?code=4%2F0AfJohXlm206T4PdWFRVOP6CZyzBoGMvHgvVsOGAgalsJb7mkwZjtGd4VXTXXW9Pjplaa7Q&scope=email+profile+https%3A%2F%2Fwww.googleapis.com%2Fauth%2Fuserinfo.profile+openid+https%3A%2F%2Fwww.googleapis.com%2Fauth%2Fuserinfo.email&authuser=0&prompt=none	undefined
20231123	16:02:17	9c9987a4-fe5c-4c93-8bcb-78eefc278a1c	GET	/auth/google/callback	undefined
20231123	16:02:20	48b17d73-1df7-437b-9ea9-c8542e8508f4	GET	/auth/google/callback	undefined
20231123	16:02:53	3da90e25-8c9a-45f5-9f35-7f8750be98bc	GET	/auth/google	undefined
20231123	16:22:16	d85ea88c-a643-4495-a353-6d83dc8a7946	GET	/auth/google/callback	undefined
20231123	16:22:21	91dd1299-d296-4165-a9c2-61eb1be38afb	GET	/auth/google	undefined
20231123	16:22:30	443353ca-50e0-4297-a00e-642dec956156	GET	/auth/google/callback	undefined
20231126	22:44:51	a01b9731-b655-43e4-9f9c-473d02ed260d	GET	/auth/google/callback	undefined
20231126	22:44:54	6c5ed946-2279-4fe4-8c1a-939f6f6ae15d	GET	/auth/google/callback	undefined
20231126	22:45:03	e3c00afd-8fe4-4137-bd85-2477c62cdee9	GET	/auth/google/callback	undefined
20231129	21:08:35	26ad2a84-7467-497f-b8c4-2d642c8952a8	GET	/auth/google/callback	undefined
20231129	21:54:21	4455eeb7-0057-4542-af19-5bbe263818e6	GET	/api/user/register	undefined
20231129	21:54:28	97809db6-73bd-4c81-b296-8682bde49ec2	POST	/api/user/register	undefined
20231129	21:55:01	1691924e-6de2-4e50-9ed2-354bf7f47996	POST	/api/user/register	undefined
20231129	21:55:08	5b9c9829-462e-4ff3-90d5-00564450871d	POST	/api/user/register	undefined
20231129	21:55:15	56245964-4ebd-4945-a854-1a2afd93514d	POST	/api/user/register	undefined
20231129	23:11:04	a57e8b81-08c8-4865-b04a-b3c9d3e3b6c0	POST	/api/user/register	undefined
20231129	23:11:22	a9987eec-3b14-4502-bab5-e0dc196c91a4	POST	/api/user/register	undefined
20231129	23:11:33	a8ee8a74-1422-48ce-8551-66a8fe1ec0c3	POST	/api/user/register	undefined
20231129	23:14:29	f0252aea-2a40-4399-8fcf-2a20bfc82af6	POST	/api/user/register	undefined
20231204	16:22:19	efa9068b-08e4-4185-9fd0-91e6d21dfbea	POST	/api/user/register	undefined
20231204	16:22:39	96eef91d-0cda-494a-9020-076b1fbeab15	POST	/api/user/register	undefined
20231204	16:22:46	9dc20b26-842c-4c14-9d32-e0dc64cefa77	POST	/api/user/register	undefined
20231204	16:25:20	6fdcaff9-9b8a-4ef8-945f-9f6ee84fec4c	POST	/api/user/register	undefined
20231204	16:25:24	d896dce9-0aca-481c-a471-ed786165aa05	POST	/api/user/register	undefined
20231204	16:31:42	560dd4dc-275d-4dfa-a79b-f36dbab211d7	POST	/api/user/register	undefined
20231204	16:38:23	a131cbef-ad08-41b9-bb42-d0496d5c492c	POST	/api/user/register	undefined
20231204	16:38:28	776e3763-962f-4e76-a033-8a7eb0b05932	POST	/api/user/register	undefined
20231204	16:41:46	1920a330-a6dc-4d94-9282-4cfee7a4e6c7	POST	/api/user/register	undefined
20231205	21:12:33	d566762c-ea36-4f6e-99f7-848dcd55f6a1	GET	/auth/google/logout	undefined
20231205	21:12:34	37f3aba0-9dc0-4413-883d-78c50f161821	GET	/favicon.ico	undefined
20231207	08:55:29	697563e9-450c-46cd-9f5a-64a1371bff7a	GET	/auth/google	undefined
20231207	09:02:37	fb90f6e3-ab7f-4d15-9a57-67a06e044016	GET	/api/user/register	undefined
20231207	09:02:44	6b0d9a56-d429-4078-9f60-6b59ab127fc7	POST	/api/user/register	undefined
20231207	09:04:24	8b64b913-a20c-4bb4-9ba1-73624bac59d5	POST	/api/user/register	undefined
20231207	09:06:06	f4c8a840-8ff4-4e69-870b-8bd29af2328e	POST	/api/user/register	undefined
20231207	09:06:16	55c484d8-5562-430c-922a-40898d9b13b1	POST	/api/user/register	undefined
20231207	09:06:20	172bf36e-8cd4-4ec5-b8d7-736c9ff428cb	POST	/api/user/register	undefined
20231207	09:09:42	38cb31a1-98cd-410e-bf73-42d904849c16	POST	/api/user/login	undefined
20231207	09:10:09	a3907901-d3da-4deb-8df3-d416170b9fdf	POST	/api/user/register	undefined
20231207	09:18:46	62e3d289-f9c2-481f-882c-32a423bcce82	POST	/api/user/register	undefined
20231207	09:20:22	b52f8a27-8ba5-46ab-8efc-a53e6c1c272c	POST	/api/user/register	undefined
20231207	09:24:25	cfa0a876-a210-4619-80eb-3b6a19983d15	POST	/api/user/register	undefined
20231207	10:43:41	10a811c2-04ca-4e92-9e06-e50daffea7ab	POST	/api/user/register	undefined
20231207	10:49:29	4dd526f0-2a07-4964-a6d8-8e5c6e8f3116	POST	/api/user/register	undefined
20231207	10:49:50	71598183-cddd-4649-b255-0f384490637b	POST	/api/user/register	undefined
20231207	10:49:58	12fb1877-e548-4c9a-b0a9-af777ee9eb18	POST	/api/user/register	undefined
20231207	10:50:08	6bb0ddf9-334d-49ab-a26d-cb98f336a945	POST	/api/user/register	undefined
20231207	10:50:15	0affefa2-b4f2-4e0a-9631-e87fb7e5ea91	POST	/api/user/register	undefined
20231207	10:50:41	8b7cca70-4ce7-426e-9c66-9691ece17194	POST	/api/user/register	undefined
20231207	10:53:12	3b34288b-7638-4678-a551-90078e334f3b	POST	/api/user/register	undefined
20231207	10:53:27	63302dba-80be-4289-a855-a082445dee79	POST	/api/user/login	undefined
20231207	10:53:51	a01c2ff0-fe3c-4c8f-bdbd-d8c1a433011a	POST	/api/user/login	undefined
20231207	10:53:58	c6f0e02d-a375-4596-ad57-3ea50c8455c6	POST	/api/user/login	undefined
20231207	10:54:15	dcb6d115-943c-41a0-a6af-ca28ee647cbf	POST	/api/user/resetpassword	undefined
20231207	10:55:49	0c71f642-d838-46a2-9ea7-6bba62ffd534	POST	/api/user/resetpassword	undefined
20231207	10:56:05	e1f849d3-8273-491f-a3fd-afe6c31518a9	POST	/api/user/resetpassword	undefined
20231207	10:58:56	ad0fc54d-7053-4aa6-b378-91df7d41e43c	POST	/api/user/resetpassword	undefined
20231207	10:59:10	18f21cb1-ecfe-4d39-b740-5f8fdb1c2e54	POST	/api/user/resetpassword	undefined
20231207	11:44:04	d83acc80-2e8b-49b5-b842-bd826487ee9e	POST	/api/user/login	undefined
20231207	11:44:19	56bcbb57-efd2-4fa5-9893-4118e3701045	POST	/api/user/resetpassword	undefined
20231207	11:46:46	0c6b020d-ef69-4962-a622-2ec4e57e35e8	POST	/api/user/resetpassword	undefined
20231207	11:48:41	1dad7b5a-d827-49cc-9a33-45cc0c6b0e4c	POST	/api/user/updatepassword	undefined
20231207	11:48:48	74cc6057-0995-45f2-a2fd-6dddb835f99c	PATCH	/api/user/updatepassword	undefined
20231207	11:49:35	1b47541d-f87e-43df-88a0-92ac0b19623f	PATCH	/api/user/register	undefined
20231207	11:49:42	6e272fae-2e44-44ac-9e68-bed8b5c7c871	POST	/api/user/register	undefined
20231207	11:49:51	aeafbe21-b2d5-40d7-a91c-89276076e5cb	POST	/api/user/register	undefined
20231207	11:50:08	5f2a8f20-c608-47cb-90bc-0281799075dd	POST	/api/user/login	undefined
20231207	11:50:18	7c9e53db-d396-44e8-89ce-957cce1e0940	POST	/api/user/updatepassword	undefined
20231207	11:50:24	e9a1470c-b3e9-4c61-b742-6be9770f7196	PATCH	/api/user/updatepassword	undefined
20231207	11:50:53	9e89df8e-ba54-4336-bb55-11ee355efda3	PATCH	/api/user/resetPassword	undefined
20231207	11:50:59	257d5f02-3d94-49de-9f82-6fd69458ba47	POST	/api/user/resetPassword	undefined
20231207	11:54:33	f4f592ba-298d-4e4c-a875-687eafaab04d	POST	/api/user/resetPassword	undefined
20231207	11:59:19	3605c43f-b1c2-4295-807e-76156e2c18c4	POST	/api/user/resetPassword	undefined
20231207	12:00:23	cb716ba5-8f79-4601-91f5-b7d38c081ab0	POST	/api/user/resetPassword	undefined
20231207	12:05:12	b3c2aed8-6976-41d2-8cca-d73870780708	PATCH	/api/user/updatepassword	undefined
20231207	12:30:26	45e6c983-5113-49b6-af84-0bb4426ccfcc	PATCH	/api/user/updatepassword	undefined
20231207	14:56:02	ffa73ef5-670d-49b2-bbbd-d6b0127152aa	PATCH	/api/user/updatepassword	undefined
20231207	14:57:06	e5941e31-005a-4746-a3c7-ded20abd39fb	PATCH	/api/user/resetpassword	undefined
20231207	14:57:10	8154d3cf-c8ee-4767-9900-b954f526ec57	POST	/api/user/resetpassword	undefined
20231207	14:57:56	ed27e196-c060-4da0-8f9e-e367e0ab6b70	POST	/api/user/resetpassword	undefined
20231207	14:58:01	e051a56e-c2d2-49d1-8da0-c42a6f2bb151	POST	/api/user/resetpassword	undefined
20231207	15:02:28	651931ea-a1d3-4ac5-acf8-5631effa9d5f	POST	/api/user/resetpassword	undefined
20231207	15:04:04	1e3198bc-955b-4c04-b161-80a0dbb70cab	POST	/api/user/resetpassword	undefined
20231207	15:05:12	902a39fd-8af1-463d-b717-691650ab77e2	GET	/api/user/resetpassword/65719536ba8075a9fc85a224/eyJhbGciOiJIUzI1NiIsInR5cCI6IkpXVCJ9.eyJlbWFpbCI6Im9tYWltYXNheWVkMjAwMUBnbWFpbC5jb20iLCJyZXNldElkIjoiNjU3MWMyYzVjMzE2YWFiNjIzZmQ4MGM5IiwiaWF0IjoxNzAxOTU0MjQ1fQ.zj4QjVw8zstuybQ79dcfCLidGtWW_XX3FdUUR9b6UIQ	undefined
20231207	15:51:12	20de29b3-a489-4634-ace3-1ce867e9cb1c	POST	/api/user/resetpassword	undefined
20231207	15:52:06	b0d943bf-d7f3-41e3-99d0-3d3c916a8d55	GET	/api/user/resetpassword	undefined
20231207	15:52:12	67243aa8-65ae-453f-81be-8c6ed7a06d96	POST	/api/user/resetpassword	undefined
20231207	15:53:25	d87588fa-36ec-48fb-b525-fd4d302c01da	POST	/api/user/resetpassword	undefined
20231207	15:57:21	1c21980f-89e3-465a-8ef1-f58be3ffb234	POST	/api/user/resetpassword	undefined
20231207	15:57:54	460d1f2f-9248-45dc-8589-c3a0f5239ac1	POST	/api/user/login	undefined
20231207	15:58:35	59e657f5-3844-4490-8dc5-fec69b7b1245	POST	/api/user/resetpassword	undefined
20231207	15:58:58	c644be4b-8a7a-4619-af77-07764cedbbb5	POST	/api/user/resetpassword	undefined
20231207	16:00:38	7d10db81-ab1f-4162-8921-c834fe0a178d	POST	/api/user/resetpassword	undefined
20231207	16:00:52	12ed0510-c642-4cfc-bf21-371ca1c6b7a0	POST	/api/user/register	undefined
20231207	16:01:05	9a534912-20f6-43e1-b06e-0d4bf3abd750	POST	/api/user/register	undefined
20231207	16:01:16	54254abf-df49-4c66-a08d-72ce57ce2fd9	POST	/api/user/login	undefined
20231207	16:01:42	f2ca72dd-827b-4592-9001-1662635f2be3	POST	/api/user/login	undefined
20231207	16:01:53	1e18ef8a-bfd7-42e8-a2dc-407249a06497	POST	/api/user/resetpassword	undefined
20231207	16:06:05	b1cca5a6-ca97-47d5-9a3f-0a19888c705f	POST	/api/user/resetpassword	undefined
20231207	16:25:23	408d339c-f028-47ff-ab11-aef3bb629803	POST	/api/user/resetpassword	undefined
20231207	16:42:17	5a2e80bf-cb66-40de-9d79-797a487780ca	POST	/api/user/resetpassword	undefined
20231207	16:43:01	1b591eb4-6674-4b8d-801c-46c3de26219c	GET	/api/auth/facebook/callback	undefined
20231207	17:08:59	5e59461a-b972-4768-b8be-40154855b5eb	POST	/auth/google	undefined
20231207	17:09:10	bae0cd85-fd1c-4c03-b171-9d0efd8bdf8e	GET	/auth/google	undefined
20231207	17:09:41	b9ea1f57-5f21-4e9a-8d63-fa5f715cbd5e	GET	/auth/google	undefined
20231207	17:09:42	fbaef0ca-7a0a-4a97-9094-4cbce70f49be	GET	/auth/google	undefined
20231207	17:11:45	55d240be-f622-4f50-ad73-eedb2f21e7e8	GET	/auth/google	undefined
20231207	17:11:46	ec39294b-905d-4e9e-946c-df404256cc68	GET	/auth/google	undefined
20231207	22:02:14	e1baf000-8806-4a73-980b-cef9d0f882ce	GET	/api/user/resetpassword/65719536ba8075a9fc85a224/eyJhbGciOiJIUzI1NiIsInR5cCI6IkpXVCJ9.eyJlbWFpbCI6Im9tYWltYXNheWVkMjAwMUBnbWFpbC5jb20iLCJyZXNldElkIjoiNjU3MWMyYzVjMzE2YWFiNjIzZmQ4MGM5IiwiaWF0IjoxNzAxOTU0MjQ1fQ.zj4QjVw8zstuybQ79dcfCLidGtWW_XX3FdUUR9b6UIQ	undefined
20231208	09:45:00	0801f731-673a-4c4b-a9dd-e1cf795d3d2d	POST	/api/images/upload	undefined
20231208	09:51:07	1deea0f6-55cb-47f9-8f43-b4d3dcebee37	POST	/api/images/upload	undefined
20231208	09:52:04	3ed4c258-4e73-40a5-9e3f-64786af8cee8	POST	/api/images/upload	undefined
20231208	09:53:30	1cb82e95-c915-4486-99d6-e8ee1463cf3b	POST	/api/images/upload	undefined
20231208	09:59:31	370ca393-8580-4e7d-a83b-90e503f9592e	POST	/api/images/upload	undefined
20231208	10:09:37	4d3daa85-16c0-439c-8903-fcbb3f1a61a6	POST	/api/images/upload	undefined
20231208	10:10:24	d4b5a70d-5fd3-4a9f-bd1f-43cce092bdc5	POST	/api/images/upload	undefined
20231208	10:14:32	26c26016-38ee-4bfd-a41c-9fa4c096b393	POST	/api/images/upload	undefined
20231208	10:14:44	6c245a7e-8aa7-4fc2-844d-92763870d8f4	POST	/api/images/upload	undefined
20231208	10:20:44	0130dcd5-39f1-4280-80e0-b551b9ed9db0	POST	/api/images/upload	undefined
20231208	10:20:54	f37ee49f-4e42-4e2b-80bd-b434c6f0bafe	POST	/api/images/upload	undefined
20231208	10:21:49	84c5276a-6039-43be-b85a-5d549c95eb40	POST	/api/images/upload	undefined
20231208	10:21:57	a5eb490a-fa44-478e-a6af-72e3af6a53b7	POST	/api/images/upload	undefined
20231208	10:24:40	ea7a2d94-d6e5-43c1-b648-0bd642a4e55d	POST	//api/image/upload	undefined
20231208	10:24:48	4fcae967-6baf-4e4a-a1fb-fc46f7ac1e12	POST	/api/image/upload	undefined
20231208	10:24:59	450cb4f8-4931-4377-a1e1-b86aa1e55173	POST	/api/image/upload	undefined
20231208	10:26:57	6a9e8ab4-1e1b-4836-abbc-338cf808513e	POST	/api/image/upload	undefined
20231208	10:32:50	9493dc98-153b-4168-9fad-f9ca77486873	POST	/api/image/upload	undefined
20231208	10:33:49	fca607ab-edb2-4957-93a6-a900e37d548c	POST	/api/image/upload	undefined
20231208	14:23:42	f5d40bae-980c-4d5a-a4d6-a1af8eda34d8	POST	/api/scope/add	undefined
20231208	14:26:58	1f0b0b63-7fe8-4242-bfca-aec5c0cde387	POST	/api/scope/add	undefined
20231208	14:27:27	dd674dd0-234d-46f2-88d5-a5aef8090616	POST	/api/scope/add	undefined
20231208	14:28:08	1dc36240-759f-4500-b560-0bef81dad7ad	POST	/api/scope/add	undefined
20231208	14:29:10	b52a622b-e2e4-4d7e-ac8b-b4d5bd970927	POST	/api/scope/add	undefined
20231208	14:30:37	57a993f5-ebb9-4801-8179-08f4ab881530	POST	/api/scope/add	undefined
20231208	14:40:46	ffd54268-6303-431a-a550-11db206e5cd6	POST	/api/scope/add	undefined
20231208	14:42:05	b1048749-a598-4100-b44e-3adc6c8863b1	POST	/api/scope/add	undefined
20231208	16:38:44	69c3f5c4-9c90-4f0f-9fbb-a376fba0f17a	POST	/api/images/upload	undefined
20231208	16:39:14	42c3b8aa-8069-4975-9b81-6a915e161409	POST	/api/image/upload	undefined
20231208	16:40:44	716566a1-5465-4e83-8194-377a4ca0182c	POST	/api/image/upload	undefined
20231208	16:45:09	805a11ce-e06f-4d4f-9a98-443462df20f9	POST	/api/image/upload	undefined
20231208	16:46:06	586db56e-2d97-42af-9c16-5b163025519d	POST	/api/scope/add	undefined
20231208	16:48:11	0b8ab27e-1757-4aff-81dc-db078e62d3c7	POST	/api/scope/add	undefined
20231208	16:48:53	b7fe6da6-d68a-44d0-b6e5-5ae96291979e	POST	/api/scope/add	undefined
20231208	16:54:43	b26be2ab-6ea6-4ddc-bc33-71c487cc727c	POST	/api/scope/add	undefined
20231208	17:13:12	39433b6a-530b-4872-8a98-9b559101fe15	POST	/api/scope/add	undefined
20231208	17:13:19	cf633d16-30a7-4ffb-923b-e540fc540096	POST	/api/scope/add	undefined
20231208	17:14:06	c168d15e-cecb-48af-a817-85fad35caee6	POST	/api/scope/add	undefined
20231208	17:14:09	10273eb7-305c-473c-af3b-5e920c2349a9	POST	/api/scope/add	undefined
20231208	17:14:54	b71132ad-13f6-4f39-aa9c-30e7cc8353c5	POST	/api/scope/add	undefined
20231208	17:15:24	f9ee1a6d-57c6-4db4-b707-34b7215638d9	POST	/api/scope/add	undefined
20231208	17:16:57	b6fc0ff4-6c17-4554-8689-643a09cb30f3	POST	/api/scope/add	undefined
20231208	17:17:00	f5c64fa9-3866-4d21-a5b7-6a82b67efb99	POST	/api/scope/add	undefined
20231209	07:59:29	36d8f25f-65e2-40da-bae2-2376ec8b319e	GET	/api/user/resetpassword/65719536ba8075a9fc85a224/eyJhbGciOiJIUzI1NiIsInR5cCI6IkpXVCJ9.eyJlbWFpbCI6Im9tYWltYXNheWVkMjAwMUBnbWFpbC5jb20iLCJyZXNldElkIjoiNjU3MWMyYzVjMzE2YWFiNjIzZmQ4MGM5IiwiaWF0IjoxNzAxOTU0MjQ1fQ.zj4QjVw8zstuybQ79dcfCLidGtWW_XX3FdUUR9b6UIQ	undefined
20231209	08:08:31	b5a73586-5941-4dd4-b162-7bbe97db7a21	POST	/api/user/data	undefined
20231209	08:08:41	943de88b-8d72-4b80-bd23-6ef18435889c	GET	/api/user/data	undefined
20231209	08:09:32	be9a43d2-88af-45c5-9d5d-6b3646b62bc9	GET	/api/user/data	undefined
20231209	08:20:23	581915f1-1574-462b-a506-7b6363212a6a	GET	/api/auth/facebook	undefined
20231209	08:39:55	41c03a8e-cb15-46bf-9a84-5e171f71c028	GET	/api/scope/data	undefined
20231209	08:41:23	59ec5624-e4c8-47f5-a89f-59acbbfbeaba	GET	/api/scope/data	undefined
20231209	08:45:07	d8b71f5a-118c-45e4-ab00-f0c65a27b588	GET	/api/scope/data/65732cd578572e433a72b8ee	undefined
20231209	08:50:12	4d6667ce-0472-49af-a21e-bbf117d3afbc	GET	/api/scope/data/:65732cd578572e433a72b8ee	undefined
20231209	08:50:17	cbcb61a5-08d1-437b-8dc7-7a09ee1b1a67	GET	/api/scope/data/65732cd578572e433a72b8ee	undefined
20231209	08:50:55	2a28a0b5-244a-4de1-b786-90e3de8302f9	GET	/api/scope/data	undefined
20231209	08:50:58	f9507115-7c63-45f7-8c5b-079737f69a41	GET	/api/scope/data	undefined
20231209	08:53:31	6c9bddaa-0f27-463f-acfd-37cff4b9e507	GET	/api/scope	undefined
20231209	08:53:38	32a43c96-91c5-475a-b2a7-7264f599f3ee	GET	/api/scope/add	undefined
20231209	08:53:43	b33cfdf6-0574-4f19-b69f-dbd4eb1a7585	POST	/api/scope/add	undefined
20231209	08:54:33	eb8780e4-5d65-4ef6-a945-6670859fa4b4	POST	/api/scope/add	undefined
20231209	08:54:48	8dde5ede-492b-418f-8a12-217dce781be0	POST	/api/scope/add	undefined
20231209	08:55:02	08df0157-aad4-4248-94d8-18dd9f9bc695	GET	/api/scope/data	undefined
20231209	08:56:46	a3d9679d-9c7a-4e5a-a94d-386d87b00baf	GET	/api/scope/data	undefined
20231209	08:57:26	79683d9e-bcc5-458f-996c-c2c6e404df4c	GET	/api/scope/data/65730f1d74aa52df7309bd58	undefined
20231209	08:59:25	75412bf4-3f8f-4665-8964-b1a78624c4e5	PATCH	/api/scope/update/65730f1d74aa52df7309bd58	undefined
20231209	08:59:51	4dece58b-5c4a-410d-b6a5-c3aa57dc23e5	DELETE	/api/scope/delete/65730f1d74aa52df7309bd58	undefined
20231209	11:05:49	4ecb23fd-c539-4092-8ec8-316c2e6d6aa3	DELETE	/api/scope/delete/65730f1d74aa52df7309bd58	undefined
20231209	11:06:08	5b689bf9-2d16-4659-a21c-ccf813554319	GET	/api/scope/data	undefined
20231209	11:15:09	79296c37-3caf-4fa6-90f1-af62da02e46f	POST	/api/user/register	undefined
20231209	11:15:30	3dbafcb0-d678-4b8e-bf5e-b3163f0e37ca	POST	/api/user/login	undefined
20231209	11:16:09	ff7aaa98-02a6-41e4-8c87-a27aff4d31cf	POST	/api/user/login	undefined
20231209	11:25:27	d6135737-5737-40fe-aa6c-4d9049d29463	POST	/api/user/login	undefined
20231209	11:26:02	8d348ab9-8c61-4c51-8eed-da9c09dc3e56	POST	/api/user/login	undefined
20231209	11:26:25	ba9cb1fa-f5e2-4279-a9be-73cfc338e70d	POST	/api/user/login	undefined
20231209	11:27:19	31854200-3980-4955-9b19-6704e995c064	GET	/api/user/profile	undefined
20231209	11:28:16	3ee05280-0c1c-47d8-97fa-4da3fcea294f	GET	/api/user/profile	undefined
20231209	11:28:24	de2dcdcd-59ef-43d0-970d-6ee2ef44fe35	GET	/api/user/profile	undefined
20231209	11:29:12	0d710cb8-889d-47f2-88da-6a058e602178	GET	/api/user/login	undefined
20231209	11:30:01	bf1b201d-919a-47fd-a410-d3f6e1049619	GET	/api/user/login	undefined
20231209	11:30:09	bacc27ca-c4ea-4f2a-88cf-6826d9741050	POST	/api/user/login	undefined
20231209	11:31:26	2fdaed4f-ab43-45e9-9893-1c031e398755	POST	/api/user/login	undefined
20231209	11:31:42	545e027b-2932-46d9-856f-45817c0d64eb	POST	/api/user/progile	undefined
20231209	11:31:47	ccd57331-7ed8-485d-980d-51ef2ee4edbb	POST	/api/user/profile	undefined
20231209	11:31:53	a3effafe-ccd3-49f2-a772-75691f72e7e6	GET	/api/user/profile	undefined
20231209	11:39:17	dc81438a-1ed0-465d-893f-351a49f66152	GET	/api/user/profile	undefined
20231209	11:39:32	518ecfcf-2bdf-4dc1-a88b-ea6e12818d67	GET	/api/user/profile	undefined
20231209	11:39:59	85dfcb72-4730-47d0-b5d3-df2332119659	GET	/api/user/profile	undefined
20231209	11:56:30	af394288-4eb9-4db0-9132-05dd22bae435	GET	/api/user/profile	undefined
20231209	11:56:38	8967d10f-a322-442d-9a1e-a835b3e367c7	GET	/api/user/profile	undefined
20231209	12:00:26	311fa3e5-9fdf-4fd8-941f-7ee4347a0f16	GET	/api/user/profile	undefined
20231209	12:01:50	ed3bca26-5ebd-45ec-82fe-b47a34a79ac9	GET	/api/user/profile	undefined
20231209	12:02:09	cfc574ba-c595-4ae5-9a4b-f134a26e27e2	GET	/api/user/profile	undefined
20231209	12:06:28	3e51f6a8-bb6d-456c-9030-2d39ffbcc335	GET	/api/user/profile	undefined
20231209	12:07:49	cba1583f-d006-4842-971f-c9630212b7f5	GET	/api/user/profile	undefined
20231209	12:10:21	78b9ac6b-99da-458b-a372-bb33f02c2c28	GET	/api/user/profile	undefined
20231209	12:12:14	5e948ad7-6b82-4411-88ac-7e452274a936	GET	/api/user/profile	undefined
20231209	12:15:55	8bd4b3b6-1198-466b-b849-520f46135461	GET	/api/user/profile	undefined
20231209	12:19:35	2cc5011b-4489-41f0-bba2-0f25e09e4dcc	GET	/api/user/profile	undefined
20231209	12:21:29	003dd130-459c-4596-9c3c-5abd2c920141	GET	/api/scope/add	undefined
20231209	12:21:35	05c46226-d771-4c36-a952-da5e98ec83bf	POST	/api/scope/add	undefined
20231209	12:21:49	8fbf6473-b1b6-4231-b81d-d1fe638df982	POST	/api/scope/add	undefined
20231209	12:36:59	5064cefa-620b-4170-ba6d-32899c8b27a9	POST	/api/scope/add	undefined
20231209	12:37:24	54de9935-4c23-4806-bb98-9bff98ab6794	POST	/api/scope/add	undefined
20231209	12:40:37	74ac17b0-6beb-4b38-99dd-eefd08d5f5de	POST	/api/scope/add	undefined
20231209	12:41:13	5d733819-befc-4e7d-9b56-4ace00a3f992	POST	/api/scope/add	undefined
20231209	12:50:22	7979bcdf-f71d-46b8-8bdf-eeb8628b970c	POST	/api/scope/add	undefined
20231209	12:55:37	0456c40b-9fbe-4d9c-964a-8b736d612b7d	POST	/api/scope/add	undefined
20231209	14:30:30	9dcd5333-5a08-4030-a67b-fa53d9bc72bf	POST	/api/scope/add	undefined
20231209	14:30:58	f89f414d-6481-4cbc-9db3-ffe31a2d9641	POST	/api/scope/add	undefined
20231209	18:15:58	75e81186-4cc5-4010-b136-eabffadc7ce9	POST	/api/scope/add	undefined
20231209	18:16:34	6f0c9530-1ffe-4db3-905a-8335c50cfee4	GET	/api/user/profile	undefined
20231209	18:18:43	2511142f-57af-440b-b3d5-6fc16a8609ab	GET	/api/user/profile	undefined
20231209	18:20:07	3649c9da-8be0-43aa-9243-b3655bcce85e	GET	/api/user/profile	undefined
20231209	18:22:20	fecc1e98-0660-4c2f-bdbf-4edb688d64dc	GET	/api/user/profile	undefined
20231209	18:26:16	401766c7-7160-4629-9680-cf883834ba5f	GET	/api/user/profile	undefined
20231209	18:30:29	6d0c302f-0202-45d5-8b3f-92dbd5d6dceb	GET	/api/user/profile	undefined
20231209	18:32:10	2083cc68-471f-423f-95c3-97c1a7f49768	GET	/api/user/profile	undefined
20231209	18:37:20	42377151-bf30-441f-b0ca-a361c499e2ac	GET	/api/user/profile	undefined
20231209	18:40:52	feac47b7-9143-4be0-99ad-dda523d6840f	GET	/api/user/profile	undefined
20231209	18:43:04	2712b9a3-46ea-4bfb-a060-2fd465b07ce5	GET	/api/user/profile	undefined
20231209	19:46:17	8af8ad4a-41e4-423a-8324-538f603672ac	GET	/api/user/profile	undefined
20231209	19:50:07	1a7820be-a9c2-43de-91d2-94211b13fc57	GET	/api/user/add	undefined
20231209	19:50:14	5038fa59-3a7b-44e6-852f-557c73982117	POST	/api/user/add	undefined
20231209	19:50:30	a8a63a48-a6af-4e41-8977-1b4fc4ec165a	POST	/api/scopre/add	undefined
20231209	19:50:35	f713b8d6-fd3f-46a6-ad61-49c94af4ee29	POST	/api/scope/add	undefined
20231209	20:20:22	8a0909e0-913f-4586-8415-9f7d22a98f97	POST	/api/scope/add	undefined
20231209	20:21:22	c0782741-9024-4c7a-8e35-4284359603cc	POST	/api/scope/update/6574afe6a85473204f38ffa2	undefined
20231209	20:21:36	96968408-9daf-4ebc-b156-e9da897f0ad7	PATCH	/api/scope/update/6574afe6a85473204f38ffa2	undefined
20231209	20:22:45	e4b8dd06-9449-4da4-b374-27073e11f2df	PATCH	/api/scope/data	undefined
20231209	20:22:50	9017fd84-0ee4-4eb3-98b9-e62d9b4e84df	GET	/api/scope/data	undefined
20231209	20:23:18	b3abfa03-890c-46ec-97b0-7aceb5ca7e97	GET	/api/profile	undefined
20231209	20:23:33	b56daf60-6760-4108-b425-9663c1cfcd35	GET	/api/user/profile	undefined
20231209	20:26:18	299a8f7f-f07d-45a9-99ca-dce7f2072c35	GET	/api/user/profile	undefined
20231209	20:30:28	08d5e4f0-5f52-474d-bd58-112ecb337f99	GET	/api/user/profile	undefined
20231209	20:31:52	bceaca05-f132-4462-9c40-d0aa11527264	GET	/api/user/profile	undefined
20231209	22:43:45	b7d34a92-ae7f-49dd-8a03-f4f18482ef05	POST	/api/scope/add	undefined
20231209	22:45:35	ac50472a-d964-457b-8e84-2a0fb5740b99	POST	/api/scope/update/6574d1877493746aae4fb18c	undefined
20231209	22:45:42	ebebb69e-d392-4e91-9d5f-0b10617ff4c6	PATCH	/api/scope/update/6574d1877493746aae4fb18c	undefined
20231209	22:47:30	060f2abd-e1d5-48ec-a1c0-29c9d2bc2e0f	PATCH	/api/scope/update/6574d1877493746aae4fb18c	undefined
20231209	22:48:53	587291ac-278d-4c95-b598-404b0ccfdc9b	PATCH	/api/scope/update/6574d1877493746aae4fb18c	undefined
20231209	22:49:33	bc443a8a-b634-491c-ae28-9386d4550210	PATCH	/api/scope/delete/6574d1877493746aae4fb18c	undefined
20231209	22:49:38	1eedcb5b-dddd-4cb2-830e-9bfad1f96031	DELETE	/api/scope/delete/6574d1877493746aae4fb18c	undefined
20231209	22:51:03	cb09b3a5-8f22-4cd8-8cbb-72748fc6ddf2	DELETE	/api/scope/data	undefined
20231209	22:51:10	422df59a-af52-4832-8430-636facd2a97d	GET	/api/scope/data	undefined
20231209	22:56:42	0650e776-0f34-482f-a9e0-7e63bf43ef4a	GET	/api/user/profile	undefined
